<?xml version="1.0" encoding="UTF-8"?>
<!-- Generated by org.testng.reporters.JUnitReportReporter -->
<testsuite hostname="KARTIK-SHARMA" failures="0" tests="5" name="com.tests.e2eTesting" time="36.021" errors="0" timestamp="2025-04-12T14:43:22 IST" skipped="0">
  <testcase classname="com.tests.e2eTesting" name="testValidLogin" time="6.229"/>
  <testcase classname="com.tests.e2eTesting" name="createNoteBooks" time="7.374"/>
  <testcase classname="com.tests.e2eTesting" name="createAnNotes" time="7.495"/>
  <testcase classname="com.tests.e2eTesting" name="todoMaker" time="5.813"/>
  <testcase classname="com.tests.e2eTesting" name="logoutAccountSuccessfuly" time="9.110"/>
</testsuite> <!-- com.tests.e2eTesting -->
